1698150981887	geckodriver	INFO	Listening on 127.0.0.1:49186
1698150982372	mozrunner::runner	INFO	Running command: MOZ_CRASHREPORTER="1" MOZ_CRASHREPORTER_NO_REPORT="1" MOZ_CRASHREPORTER_SHUTDOWN="1" MOZ_NO_REMOTE="1" "/App ... s" "localhost" "-foreground" "-no-remote" "-profile" "/var/folders/mb/6dqbtq096tnchll7h6d9qggr0000gn/T/rust_mozprofileM9lRjL"
*** You are running in headless mode.
console.warn: services.settings: Ignoring preference override of remote settings server
console.warn: services.settings: Allow by setting MOZ_REMOTE_SETTINGS_DEVTOOLS=1 in the environment
console.info: SecurityLevel: Listening for messages from NoScript.
console.info: SecurityLevel: Initializing security-prefs.js
console.info: SecurityLevel: security-prefs.js initialization complete
2023-10-24 20:36:23.665 firefox[4519:13858] Failed to get font faces: (
    "file:///Applications/Tor%20Browser.app/Contents/Resources/fonts/000_README.txt"
).
1698150983702	Marionette	INFO	Marionette enabled
console.error: "Warning: unrecognized command line flag -remote-allow-hosts\n"
console.log: "TorConnect: init()"
console.log: "TorConnect: Entering Initial state"
console.log: "TorConnect: Try transitioning from Initial to Disabled"
WebDriver BiDi listening on ws://localhost:49187
console.log: "TorConnect: Exited Initial state"
console.log: "TorConnect: Entering Disabled state"
1698150984181	Marionette	INFO	Listening on port 49194
Read port: 49194
1698150984689	RemoteAgent	WARN	TLS certificate errors will be ignored for this session
1698150984693	RemoteAgent	INFO	Proxy settings initialised: {"proxyType":"manual","httpProxy":"[::ffff:7f00:1]:49185","sslProxy":"[::ffff:7f00:1]:49185"}
JavaScript warning: resource://gre/modules/RemoteWebNavigation.sys.mjs, line 82: unreachable code after return statement
2023-10-24 20:36:25.126 plugin-container[4521:13993] Failed to get font faces: (
    "file:///Applications/Tor%20Browser.app/Contents/Resources/fonts/000_README.txt"
).
Crash Annotation GraphicsCriticalError: |[0][GFX1-]: RenderCompositorSWGL failed mapping default framebuffer, no dt (t=2.821) [GFX1-]: RenderCompositorSWGL failed mapping default framebuffer, no dt
JavaScript error: resource://gre/modules/XULStore.sys.mjs, line 60: Error: Can't find profile directory.
JavaScript error: resource://gre/modules/XULStore.sys.mjs, line 60: Error: Can't find profile directory.
JavaScript error: resource://gre/modules/XULStore.sys.mjs, line 60: Error: Can't find profile directory.
JavaScript error: resource://gre/modules/XULStore.sys.mjs, line 60: Error: Can't find profile directory.
JavaScript error: resource://gre/modules/XULStore.sys.mjs, line 60: Error: Can't find profile directory.
JavaScript error: resource://gre/modules/XULStore.sys.mjs, line 60: Error: Can't find profile directory.
JavaScript error: resource://gre/modules/XULStore.sys.mjs, line 60: Error: Can't find profile directory.
JavaScript error: resource://gre/modules/XULStore.sys.mjs, line 60: Error: Can't find profile directory.
JavaScript error: resource://gre/modules/XULStore.sys.mjs, line 60: Error: Can't find profile directory.
JavaScript error: resource://gre/modules/RFPHelper.sys.mjs, line 310: NS_NOINTERFACE: Component returned failure code: 0x80004002 (NS_NOINTERFACE) [nsIInterfaceRequestor.getInterface]
DevTools listening on ws://localhost:49187/devtools/browser/74ed2970-4c56-40a7-b3b2-00fc2771f81a
2023-10-24 20:36:26.209 plugin-container[4844:14502] Failed to get font faces: (
    "file:///Applications/Tor%20Browser.app/Contents/Resources/fonts/000_README.txt"
).
2023-10-24 20:36:26.289 plugin-container[4845:14505] Failed to get font faces: (
    "file:///Applications/Tor%20Browser.app/Contents/Resources/fonts/000_README.txt"
).
2023-10-24 20:36:26.366 plugin-container[4846:14520] Failed to get font faces: (
    "file:///Applications/Tor%20Browser.app/Contents/Resources/fonts/000_README.txt"
).
2023-10-24 20:36:32.531 plugin-container[4857:14730] Failed to get font faces: (
    "file:///Applications/Tor%20Browser.app/Contents/Resources/fonts/000_README.txt"
).
console.error: TorProvider: 
  Cannot connect to the control port
  Message: Error: The control socket has been closed: Component returned failure code: 0x804b000d (NS_ERROR_CONNECTION_REFUSED) [nsIScriptableInputStream.available]
  Stack:
    #close@resource://gre/modules/TorControlPort.sys.mjs:607:19
#startMessagePump@resource://gre/modules/TorControlPort.sys.mjs:533:20

JavaScript error: resource://gre/modules/TorControlPort.sys.mjs, line 607: Error: The control socket has been closed: Component returned failure code: 0x804b000d (NS_ERROR_CONNECTION_REFUSED) [nsIScriptableInputStream.available]
2023-10-24 20:36:39.183 plugin-container[5186:15351] Failed to get font faces: (
    "file:///Applications/Tor%20Browser.app/Contents/Resources/fonts/000_README.txt"
).
1698151076939	geckodriver	INFO	Listening on 127.0.0.1:49230
1698151077455	mozrunner::runner	INFO	Running command: MOZ_CRASHREPORTER="1" MOZ_CRASHREPORTER_NO_REPORT="1" MOZ_CRASHREPORTER_SHUTDOWN="1" MOZ_NO_REMOTE="1" "/App ... s" "localhost" "-foreground" "-no-remote" "-profile" "/var/folders/mb/6dqbtq096tnchll7h6d9qggr0000gn/T/rust_mozprofilezwYZPT"
*** You are running in headless mode.
console.warn: services.settings: Ignoring preference override of remote settings server
console.warn: services.settings: Allow by setting MOZ_REMOTE_SETTINGS_DEVTOOLS=1 in the environment
console.info: SecurityLevel: Listening for messages from NoScript.
console.info: SecurityLevel: Initializing security-prefs.js
console.info: SecurityLevel: security-prefs.js initialization complete
2023-10-24 20:37:57.825 firefox[7500:19492] Failed to get font faces: (
    "file:///Applications/Tor%20Browser.app/Contents/Resources/fonts/000_README.txt"
).
1698151077846	Marionette	INFO	Marionette enabled
console.error: "Warning: unrecognized command line flag -remote-allow-hosts\n"
console.log: "TorConnect: init()"
console.log: "TorConnect: Entering Initial state"
console.log: "TorConnect: Try transitioning from Initial to Disabled"
WebDriver BiDi listening on ws://localhost:49231
console.log: "TorConnect: Exited Initial state"
console.log: "TorConnect: Entering Disabled state"
1698151078213	Marionette	INFO	Listening on port 49238
Read port: 49238
1698151078705	RemoteAgent	WARN	TLS certificate errors will be ignored for this session
1698151078708	RemoteAgent	INFO	Proxy settings initialised: {"proxyType":"manual","httpProxy":"[::ffff:7f00:1]:49229","sslProxy":"[::ffff:7f00:1]:49229"}
JavaScript warning: resource://gre/modules/RemoteWebNavigation.sys.mjs, line 82: unreachable code after return statement
2023-10-24 20:37:59.100 plugin-container[7824:20072] Failed to get font faces: (
    "file:///Applications/Tor%20Browser.app/Contents/Resources/fonts/000_README.txt"
).
Crash Annotation GraphicsCriticalError: |[0][GFX1-]: RenderCompositorSWGL failed mapping default framebuffer, no dt (t=1.674) [GFX1-]: RenderCompositorSWGL failed mapping default framebuffer, no dt
JavaScript error: resource://gre/modules/XULStore.sys.mjs, line 60: Error: Can't find profile directory.
JavaScript error: resource://gre/modules/XULStore.sys.mjs, line 60: Error: Can't find profile directory.
JavaScript error: resource://gre/modules/XULStore.sys.mjs, line 60: Error: Can't find profile directory.
JavaScript error: resource://gre/modules/XULStore.sys.mjs, line 60: Error: Can't find profile directory.
JavaScript error: resource://gre/modules/XULStore.sys.mjs, line 60: Error: Can't find profile directory.
JavaScript error: resource://gre/modules/XULStore.sys.mjs, line 60: Error: Can't find profile directory.
JavaScript error: resource://gre/modules/XULStore.sys.mjs, line 60: Error: Can't find profile directory.
JavaScript error: resource://gre/modules/XULStore.sys.mjs, line 60: Error: Can't find profile directory.
JavaScript error: resource://gre/modules/XULStore.sys.mjs, line 60: Error: Can't find profile directory.
JavaScript error: resource://gre/modules/RFPHelper.sys.mjs, line 310: NS_NOINTERFACE: Component returned failure code: 0x80004002 (NS_NOINTERFACE) [nsIInterfaceRequestor.getInterface]
DevTools listening on ws://localhost:49231/devtools/browser/cad6e8bf-621a-40bc-8d72-88ebb4b9fb37
2023-10-24 20:38:00.103 plugin-container[7825:20149] Failed to get font faces: (
    "file:///Applications/Tor%20Browser.app/Contents/Resources/fonts/000_README.txt"
).
2023-10-24 20:38:00.185 plugin-container[7826:20153] Failed to get font faces: (
    "file:///Applications/Tor%20Browser.app/Contents/Resources/fonts/000_README.txt"
).
2023-10-24 20:38:00.261 plugin-container[7827:20168] Failed to get font faces: (
    "file:///Applications/Tor%20Browser.app/Contents/Resources/fonts/000_README.txt"
).
console.error: TorProvider: 
  Cannot connect to the control port
  Message: Error: The control socket has been closed: Component returned failure code: 0x804b000d (NS_ERROR_CONNECTION_REFUSED) [nsIScriptableInputStream.available]
  Stack:
    #close@resource://gre/modules/TorControlPort.sys.mjs:607:19
#startMessagePump@resource://gre/modules/TorControlPort.sys.mjs:533:20

JavaScript error: resource://gre/modules/TorControlPort.sys.mjs, line 607: Error: The control socket has been closed: Component returned failure code: 0x804b000d (NS_ERROR_CONNECTION_REFUSED) [nsIScriptableInputStream.available]
console.error: OnionAlias: 
  Could not update mappings for channel SecureDropTorOnion2021
  Message: Error: Could not fetch timestamp for SecureDropTorOnion2021
  Stack:
    updateLatestTimestamp@resource:///modules/OnionAliasStore.jsm:105:13

2023-10-24 20:39:16.115 plugin-container[10083:23745] Failed to get font faces: (
    "file:///Applications/Tor%20Browser.app/Contents/Resources/fonts/000_README.txt"
).
1698151200358	Marionette	INFO	Stopped listening on port 49238
JavaScript error: resource://gre/modules/TorControlPort.sys.mjs, line 607: Error: The control socket has been closed: Component returned failure code: 0x804b000d (NS_ERROR_CONNECTION_REFUSED) [nsIScriptableInputStream.available]
1698151268962	geckodriver	INFO	Listening on 127.0.0.1:49262
1698151269478	mozrunner::runner	INFO	Running command: MOZ_CRASHREPORTER="1" MOZ_CRASHREPORTER_NO_REPORT="1" MOZ_CRASHREPORTER_SHUTDOWN="1" MOZ_NO_REMOTE="1" "/App ... s" "localhost" "-foreground" "-no-remote" "-profile" "/var/folders/mb/6dqbtq096tnchll7h6d9qggr0000gn/T/rust_mozprofileQ89fBw"
*** You are running in headless mode.
console.warn: services.settings: Ignoring preference override of remote settings server
console.warn: services.settings: Allow by setting MOZ_REMOTE_SETTINGS_DEVTOOLS=1 in the environment
console.info: SecurityLevel: Listening for messages from NoScript.
console.info: SecurityLevel: Initializing security-prefs.js
console.info: SecurityLevel: security-prefs.js initialization complete
2023-10-24 20:41:09.853 firefox[13645:29661] Failed to get font faces: (
    "file:///Applications/Tor%20Browser.app/Contents/Resources/fonts/000_README.txt"
).
1698151269874	Marionette	INFO	Marionette enabled
console.error: "Warning: unrecognized command line flag -remote-allow-hosts\n"
console.log: "TorConnect: init()"
console.log: "TorConnect: Entering Initial state"
console.log: "TorConnect: Try transitioning from Initial to Disabled"
WebDriver BiDi listening on ws://localhost:49263
console.log: "TorConnect: Exited Initial state"
console.log: "TorConnect: Entering Disabled state"
1698151270331	Marionette	INFO	Listening on port 49270
Read port: 49270
1698151271094	RemoteAgent	WARN	TLS certificate errors will be ignored for this session
1698151271098	RemoteAgent	INFO	Proxy settings initialised: {"proxyType":"manual","httpProxy":"[::ffff:7f00:1]:49261","sslProxy":"[::ffff:7f00:1]:49261"}
JavaScript warning: resource://gre/modules/RemoteWebNavigation.sys.mjs, line 82: unreachable code after return statement
2023-10-24 20:41:11.512 plugin-container[13647:29789] Failed to get font faces: (
    "file:///Applications/Tor%20Browser.app/Contents/Resources/fonts/000_README.txt"
).
Crash Annotation GraphicsCriticalError: |[0][GFX1-]: RenderCompositorSWGL failed mapping default framebuffer, no dt (t=2.05) [GFX1-]: RenderCompositorSWGL failed mapping default framebuffer, no dt
JavaScript error: resource://gre/modules/XULStore.sys.mjs, line 60: Error: Can't find profile directory.
JavaScript error: resource://gre/modules/XULStore.sys.mjs, line 60: Error: Can't find profile directory.
JavaScript error: resource://gre/modules/XULStore.sys.mjs, line 60: Error: Can't find profile directory.
JavaScript error: resource://gre/modules/XULStore.sys.mjs, line 60: Error: Can't find profile directory.
JavaScript error: resource://gre/modules/XULStore.sys.mjs, line 60: Error: Can't find profile directory.
JavaScript error: resource://gre/modules/XULStore.sys.mjs, line 60: Error: Can't find profile directory.
JavaScript error: resource://gre/modules/XULStore.sys.mjs, line 60: Error: Can't find profile directory.
JavaScript error: resource://gre/modules/XULStore.sys.mjs, line 60: Error: Can't find profile directory.
JavaScript error: resource://gre/modules/XULStore.sys.mjs, line 60: Error: Can't find profile directory.
JavaScript error: resource://gre/modules/RFPHelper.sys.mjs, line 310: NS_NOINTERFACE: Component returned failure code: 0x80004002 (NS_NOINTERFACE) [nsIInterfaceRequestor.getInterface]
DevTools listening on ws://localhost:49263/devtools/browser/c7409dfc-8c1c-445e-b48f-b94ea01f5b76
2023-10-24 20:41:12.527 plugin-container[13648:29859] Failed to get font faces: (
    "file:///Applications/Tor%20Browser.app/Contents/Resources/fonts/000_README.txt"
).
2023-10-24 20:41:12.604 plugin-container[13649:29862] Failed to get font faces: (
    "file:///Applications/Tor%20Browser.app/Contents/Resources/fonts/000_README.txt"
).
2023-10-24 20:41:12.675 plugin-container[13650:29877] Failed to get font faces: (
    "file:///Applications/Tor%20Browser.app/Contents/Resources/fonts/000_README.txt"
).
2023-10-24 20:41:19.678 plugin-container[13973:30399] Failed to get font faces: (
    "file:///Applications/Tor%20Browser.app/Contents/Resources/fonts/000_README.txt"
).
console.error: TorProvider: 
  Cannot connect to the control port
  Message: Error: The control socket has been closed: Component returned failure code: 0x804b000d (NS_ERROR_CONNECTION_REFUSED) [nsIScriptableInputStream.available]
  Stack:
    #close@resource://gre/modules/TorControlPort.sys.mjs:607:19
#startMessagePump@resource://gre/modules/TorControlPort.sys.mjs:533:20

JavaScript error: resource://gre/modules/TorControlPort.sys.mjs, line 607: Error: The control socket has been closed: Component returned failure code: 0x804b000d (NS_ERROR_CONNECTION_REFUSED) [nsIScriptableInputStream.available]
2023-10-24 20:41:25.305 plugin-container[14296:30896] Failed to get font faces: (
    "file:///Applications/Tor%20Browser.app/Contents/Resources/fonts/000_README.txt"
).
console.error: OnionAlias: 
  Could not update mappings for channel SecureDropTorOnion2021
  Message: TypeError: NetworkError when attempting to fetch resource.
Exiting due to channel error.
Exiting due to channel error.
Crash Annotation GraphicsCriticalError: |[C0][GFX1-]: CompositorBridgeChild receives IPC close with reason=AbnormalShutdown (t=187.681) Exiting due to channel error.
Exiting due to channel error.
Crash Annotation GraphicsCriticalError: |[C0][GFX1-]: CompositorBridgeChild receives IPC close with reason=AbnormalShutdown (t=193.312) 1698151507074	geckodriver	INFO	Listening on 127.0.0.1:49308
1698151507593	mozrunner::runner	INFO	Running command: MOZ_CRASHREPORTER="1" MOZ_CRASHREPORTER_NO_REPORT="1" MOZ_CRASHREPORTER_SHUTDOWN="1" MOZ_NO_REMOTE="1" "/App ... s" "localhost" "-foreground" "-no-remote" "-profile" "/var/folders/mb/6dqbtq096tnchll7h6d9qggr0000gn/T/rust_mozprofileZBofvC"
*** You are running in headless mode.
console.warn: services.settings: Ignoring preference override of remote settings server
console.warn: services.settings: Allow by setting MOZ_REMOTE_SETTINGS_DEVTOOLS=1 in the environment
console.info: SecurityLevel: Listening for messages from NoScript.
console.info: SecurityLevel: Initializing security-prefs.js
console.info: SecurityLevel: security-prefs.js initialization complete
2023-10-24 20:45:07.969 firefox[21079:41302] Failed to get font faces: (
    "file:///Applications/Tor%20Browser.app/Contents/Resources/fonts/000_README.txt"
).
1698151507989	Marionette	INFO	Marionette enabled
console.error: "Warning: unrecognized command line flag -remote-allow-hosts\n"
console.log: "TorConnect: init()"
console.log: "TorConnect: Entering Initial state"
console.log: "TorConnect: Try transitioning from Initial to Disabled"
WebDriver BiDi listening on ws://localhost:49309
console.log: "TorConnect: Exited Initial state"
console.log: "TorConnect: Entering Disabled state"
1698151508355	Marionette	INFO	Listening on port 49314
Read port: 49314
1698151508810	RemoteAgent	WARN	TLS certificate errors will be ignored for this session
1698151508813	RemoteAgent	INFO	Proxy settings initialised: {"proxyType":"manual","httpProxy":"[::ffff:7f00:1]:49307","sslProxy":"[::ffff:7f00:1]:49307"}
JavaScript warning: resource://gre/modules/RemoteWebNavigation.sys.mjs, line 82: unreachable code after return statement
2023-10-24 20:45:09.206 plugin-container[21081:41425] Failed to get font faces: (
    "file:///Applications/Tor%20Browser.app/Contents/Resources/fonts/000_README.txt"
).
Crash Annotation GraphicsCriticalError: |[0][GFX1-]: RenderCompositorSWGL failed mapping default framebuffer, no dt (t=1.626) [GFX1-]: RenderCompositorSWGL failed mapping default framebuffer, no dt
JavaScript error: resource://gre/modules/XULStore.sys.mjs, line 60: Error: Can't find profile directory.
JavaScript error: resource://gre/modules/XULStore.sys.mjs, line 60: Error: Can't find profile directory.
JavaScript error: resource://gre/modules/XULStore.sys.mjs, line 60: Error: Can't find profile directory.
JavaScript error: resource://gre/modules/XULStore.sys.mjs, line 60: Error: Can't find profile directory.
JavaScript error: resource://gre/modules/XULStore.sys.mjs, line 60: Error: Can't find profile directory.
JavaScript error: resource://gre/modules/XULStore.sys.mjs, line 60: Error: Can't find profile directory.
JavaScript error: resource://gre/modules/XULStore.sys.mjs, line 60: Error: Can't find profile directory.
JavaScript error: resource://gre/modules/XULStore.sys.mjs, line 60: Error: Can't find profile directory.
JavaScript error: resource://gre/modules/XULStore.sys.mjs, line 60: Error: Can't find profile directory.
JavaScript error: resource://gre/modules/RFPHelper.sys.mjs, line 310: NS_NOINTERFACE: Component returned failure code: 0x80004002 (NS_NOINTERFACE) [nsIInterfaceRequestor.getInterface]
DevTools listening on ws://localhost:49309/devtools/browser/3bc41e72-8a9b-4e2a-8f44-10447c2ae175
2023-10-24 20:45:10.223 plugin-container[21082:41494] Failed to get font faces: (
    "file:///Applications/Tor%20Browser.app/Contents/Resources/fonts/000_README.txt"
).
2023-10-24 20:45:10.295 plugin-container[21083:41497] Failed to get font faces: (
    "file:///Applications/Tor%20Browser.app/Contents/Resources/fonts/000_README.txt"
).
2023-10-24 20:45:10.364 plugin-container[21084:41512] Failed to get font faces: (
    "file:///Applications/Tor%20Browser.app/Contents/Resources/fonts/000_README.txt"
).
console.error: TorProvider: 
  Cannot connect to the control port
  Message: Error: The control socket has been closed: Component returned failure code: 0x804b000d (NS_ERROR_CONNECTION_REFUSED) [nsIScriptableInputStream.available]
  Stack:
    #close@resource://gre/modules/TorControlPort.sys.mjs:607:19
#startMessagePump@resource://gre/modules/TorControlPort.sys.mjs:533:20

JavaScript error: resource://gre/modules/TorControlPort.sys.mjs, line 607: Error: The control socket has been closed: Component returned failure code: 0x804b000d (NS_ERROR_CONNECTION_REFUSED) [nsIScriptableInputStream.available]
console.error: OnionAlias: 
  Could not update mappings for channel SecureDropTorOnion2021
  Message: TypeError: NetworkError when attempting to fetch resource.
2023-10-24 20:46:23.319 plugin-container[23339:44964] Failed to get font faces: (
    "file:///Applications/Tor%20Browser.app/Contents/Resources/fonts/000_README.txt"
).
2023-10-24 20:47:50.877 plugin-container[26239:49304] Failed to get font faces: (
    "file:///Applications/Tor%20Browser.app/Contents/Resources/fonts/000_README.txt"
).
Exiting due to channel error.
Exiting due to channel error.
Exiting due to channel error.
Exiting due to channel error.
Exiting due to channel error.
1698153455313	geckodriver	INFO	Listening on 127.0.0.1:51245
1698153455840	mozrunner::runner	INFO	Running command: MOZ_CRASHREPORTER="1" MOZ_CRASHREPORTER_NO_REPORT="1" MOZ_CRASHREPORTER_SHUTDOWN="1" MOZ_NO_REMOTE="1" "/App ... s" "localhost" "-foreground" "-no-remote" "-profile" "/var/folders/mb/6dqbtq096tnchll7h6d9qggr0000gn/T/rust_mozprofilePqKrCB"
*** You are running in headless mode.
console.warn: services.settings: Ignoring preference override of remote settings server
console.warn: services.settings: Allow by setting MOZ_REMOTE_SETTINGS_DEVTOOLS=1 in the environment
console.info: SecurityLevel: Listening for messages from NoScript.
console.info: SecurityLevel: Initializing security-prefs.js
console.info: SecurityLevel: security-prefs.js initialization complete
2023-10-24 21:17:36.251 firefox[71989:123067] Failed to get font faces: (
    "file:///Applications/Tor%20Browser.app/Contents/Resources/fonts/000_README.txt"
).
1698153456272	Marionette	INFO	Marionette enabled
console.error: "Warning: unrecognized command line flag -remote-allow-hosts\n"
console.log: "TorConnect: init()"
console.log: "TorConnect: Entering Initial state"
console.log: "TorConnect: Try transitioning from Initial to Disabled"
WebDriver BiDi listening on ws://localhost:51246
console.log: "TorConnect: Exited Initial state"
console.log: "TorConnect: Entering Disabled state"
1698153456656	Marionette	INFO	Listening on port 51251
Read port: 51251
1698153456838	RemoteAgent	WARN	TLS certificate errors will be ignored for this session
1698153456841	RemoteAgent	INFO	Proxy settings initialised: {"proxyType":"manual","httpProxy":"[::ffff:7f00:1]:51244","sslProxy":"[::ffff:7f00:1]:51244"}
JavaScript warning: resource://gre/modules/RemoteWebNavigation.sys.mjs, line 82: unreachable code after return statement
2023-10-24 21:17:37.512 plugin-container[71991:123195] Failed to get font faces: (
    "file:///Applications/Tor%20Browser.app/Contents/Resources/fonts/000_README.txt"
).
Crash Annotation GraphicsCriticalError: |[0][GFX1-]: RenderCompositorSWGL failed mapping default framebuffer, no dt (t=1.699) [GFX1-]: RenderCompositorSWGL failed mapping default framebuffer, no dt
JavaScript error: resource://gre/modules/XULStore.sys.mjs, line 60: Error: Can't find profile directory.
JavaScript error: resource://gre/modules/XULStore.sys.mjs, line 60: Error: Can't find profile directory.
JavaScript error: resource://gre/modules/XULStore.sys.mjs, line 60: Error: Can't find profile directory.
JavaScript error: resource://gre/modules/XULStore.sys.mjs, line 60: Error: Can't find profile directory.
JavaScript error: resource://gre/modules/XULStore.sys.mjs, line 60: Error: Can't find profile directory.
JavaScript error: resource://gre/modules/XULStore.sys.mjs, line 60: Error: Can't find profile directory.
JavaScript error: resource://gre/modules/XULStore.sys.mjs, line 60: Error: Can't find profile directory.
JavaScript error: resource://gre/modules/XULStore.sys.mjs, line 60: Error: Can't find profile directory.
JavaScript error: resource://gre/modules/XULStore.sys.mjs, line 60: Error: Can't find profile directory.
JavaScript error: resource://gre/modules/RFPHelper.sys.mjs, line 310: NS_NOINTERFACE: Component returned failure code: 0x80004002 (NS_NOINTERFACE) [nsIInterfaceRequestor.getInterface]
DevTools listening on ws://localhost:51246/devtools/browser/28f5a72f-03f4-48dc-916d-b14302264218
2023-10-24 21:17:38.549 plugin-container[72314:123728] Failed to get font faces: (
    "file:///Applications/Tor%20Browser.app/Contents/Resources/fonts/000_README.txt"
).
2023-10-24 21:17:38.637 plugin-container[72315:123740] Failed to get font faces: (
    "file:///Applications/Tor%20Browser.app/Contents/Resources/fonts/000_README.txt"
).
2023-10-24 21:17:38.732 plugin-container[72316:123756] Failed to get font faces: (
    "file:///Applications/Tor%20Browser.app/Contents/Resources/fonts/000_README.txt"
).
2023-10-24 21:17:46.006 plugin-container[72317:123852] Failed to get font faces: (
    "file:///Applications/Tor%20Browser.app/Contents/Resources/fonts/000_README.txt"
).
console.error: TorProvider: 
  Cannot connect to the control port
  Message: TorError: authenticate  -> 515 Authentication failed: Password did not match HashedControlPassword *or* authentication cookie.
  Stack:
    TorError@resource://gre/modules/TorControlPort.sys.mjs:316:5
#sendCommandSimple@resource://gre/modules/TorControlPort.sys.mjs:594:13

JavaScript error: resource://gre/modules/TorControlPort.sys.mjs, line 316: TorError: authenticate  -> 515 Authentication failed: Password did not match HashedControlPassword *or* authentication cookie.
2023-10-24 21:17:54.226 plugin-container[72640:124395] Failed to get font faces: (
    "file:///Applications/Tor%20Browser.app/Contents/Resources/fonts/000_README.txt"
).
Exiting due to channel error.
Exiting due to channel error.
Exiting due to channel error.
Exiting due to channel error.
Exiting due to channel error.
1698153565542	geckodriver	INFO	Listening on 127.0.0.1:51388
1698153566064	mozrunner::runner	INFO	Running command: MOZ_CRASHREPORTER="1" MOZ_CRASHREPORTER_NO_REPORT="1" MOZ_CRASHREPORTER_SHUTDOWN="1" MOZ_NO_REMOTE="1" "/App ... s" "localhost" "-foreground" "-no-remote" "-profile" "/var/folders/mb/6dqbtq096tnchll7h6d9qggr0000gn/T/rust_mozprofile8YFnr0"
*** You are running in headless mode.
console.warn: services.settings: Ignoring preference override of remote settings server
console.warn: services.settings: Allow by setting MOZ_REMOTE_SETTINGS_DEVTOOLS=1 in the environment
console.info: SecurityLevel: Listening for messages from NoScript.
console.info: SecurityLevel: Initializing security-prefs.js
console.info: SecurityLevel: security-prefs.js initialization complete
2023-10-24 21:19:26.482 firefox[75563:129272] Failed to get font faces: (
    "file:///Applications/Tor%20Browser.app/Contents/Resources/fonts/000_README.txt"
).
1698153566505	Marionette	INFO	Marionette enabled
console.error: "Warning: unrecognized command line flag -remote-allow-hosts\n"
console.log: "TorConnect: init()"
console.log: "TorConnect: Entering Initial state"
console.log: "TorConnect: Try transitioning from Initial to Disabled"
WebDriver BiDi listening on ws://localhost:51389
console.log: "TorConnect: Exited Initial state"
console.log: "TorConnect: Entering Disabled state"
1698153566901	Marionette	INFO	Listening on port 51395
Read port: 51395
1698153567388	RemoteAgent	WARN	TLS certificate errors will be ignored for this session
1698153567391	RemoteAgent	INFO	Proxy settings initialised: {"proxyType":"manual","httpProxy":"[::ffff:7f00:1]:51387","sslProxy":"[::ffff:7f00:1]:51387"}
JavaScript warning: resource://gre/modules/RemoteWebNavigation.sys.mjs, line 82: unreachable code after return statement
2023-10-24 21:19:27.799 plugin-container[75565:129382] Failed to get font faces: (
    "file:///Applications/Tor%20Browser.app/Contents/Resources/fonts/000_README.txt"
).
Crash Annotation GraphicsCriticalError: |[0][GFX1-]: RenderCompositorSWGL failed mapping default framebuffer, no dt (t=1.763) [GFX1-]: RenderCompositorSWGL failed mapping default framebuffer, no dt
JavaScript error: resource://gre/modules/XULStore.sys.mjs, line 60: Error: Can't find profile directory.
JavaScript error: resource://gre/modules/XULStore.sys.mjs, line 60: Error: Can't find profile directory.
JavaScript error: resource://gre/modules/XULStore.sys.mjs, line 60: Error: Can't find profile directory.
JavaScript error: resource://gre/modules/XULStore.sys.mjs, line 60: Error: Can't find profile directory.
JavaScript error: resource://gre/modules/XULStore.sys.mjs, line 60: Error: Can't find profile directory.
JavaScript error: resource://gre/modules/XULStore.sys.mjs, line 60: Error: Can't find profile directory.
JavaScript error: resource://gre/modules/XULStore.sys.mjs, line 60: Error: Can't find profile directory.
JavaScript error: resource://gre/modules/XULStore.sys.mjs, line 60: Error: Can't find profile directory.
JavaScript error: resource://gre/modules/XULStore.sys.mjs, line 60: Error: Can't find profile directory.
JavaScript error: resource://gre/modules/RFPHelper.sys.mjs, line 310: NS_NOINTERFACE: Component returned failure code: 0x80004002 (NS_NOINTERFACE) [nsIInterfaceRequestor.getInterface]
DevTools listening on ws://localhost:51389/devtools/browser/0369672f-ef33-420c-bd7e-bfed81ec2c39
2023-10-24 21:19:28.821 plugin-container[75566:129459] Failed to get font faces: (
    "file:///Applications/Tor%20Browser.app/Contents/Resources/fonts/000_README.txt"
).
2023-10-24 21:19:28.896 plugin-container[75567:129462] Failed to get font faces: (
    "file:///Applications/Tor%20Browser.app/Contents/Resources/fonts/000_README.txt"
).
2023-10-24 21:19:28.967 plugin-container[75568:129477] Failed to get font faces: (
    "file:///Applications/Tor%20Browser.app/Contents/Resources/fonts/000_README.txt"
).
2023-10-24 21:19:33.037 plugin-container[75891:129998] Failed to get font faces: (
    "file:///Applications/Tor%20Browser.app/Contents/Resources/fonts/000_README.txt"
).
console.error: TorProvider: 
  Cannot connect to the control port
  Message: TorError: authenticate  -> 515 Authentication failed: Password did not match HashedControlPassword *or* authentication cookie.
  Stack:
    TorError@resource://gre/modules/TorControlPort.sys.mjs:316:5
#sendCommandSimple@resource://gre/modules/TorControlPort.sys.mjs:594:13

JavaScript error: resource://gre/modules/TorControlPort.sys.mjs, line 316: TorError: authenticate  -> 515 Authentication failed: Password did not match HashedControlPassword *or* authentication cookie.
2023-10-24 21:19:38.341 plugin-container[75893:130050] Failed to get font faces: (
    "file:///Applications/Tor%20Browser.app/Contents/Resources/fonts/000_README.txt"
).
1698154535592	Marionette	INFO	Stopped listening on port 51395
JavaScript error: resource://gre/modules/TorControlPort.sys.mjs, line 316: TorError: authenticate  -> 515 Authentication failed: Password did not match HashedControlPassword *or* authentication cookie.
1698156189417	geckodriver	INFO	Listening on 127.0.0.1:53659
1698156189942	mozrunner::runner	INFO	Running command: MOZ_CRASHREPORTER="1" MOZ_CRASHREPORTER_NO_REPORT="1" MOZ_CRASHREPORTER_SHUTDOWN="1" MOZ_NO_REMOTE="1" "/App ... s" "localhost" "-foreground" "-no-remote" "-profile" "/var/folders/mb/6dqbtq096tnchll7h6d9qggr0000gn/T/rust_mozprofilecUWNzU"
*** You are running in headless mode.
console.warn: services.settings: Ignoring preference override of remote settings server
console.warn: services.settings: Allow by setting MOZ_REMOTE_SETTINGS_DEVTOOLS=1 in the environment
console.info: SecurityLevel: Listening for messages from NoScript.
console.info: SecurityLevel: Initializing security-prefs.js
console.info: SecurityLevel: security-prefs.js initialization complete
2023-10-24 22:03:10.663 firefox[58546:262424] Failed to get font faces: (
    "file:///Applications/Tor%20Browser.app/Contents/Resources/fonts/000_README.txt"
).
1698156190706	Marionette	INFO	Marionette enabled
console.error: "Warning: unrecognized command line flag -remote-allow-hosts\n"
console.log: "TorConnect: init()"
console.log: "TorConnect: Entering Initial state"
console.log: "TorConnect: Try transitioning from Initial to Disabled"
WebDriver BiDi listening on ws://localhost:53660
console.log: "TorConnect: Exited Initial state"
console.log: "TorConnect: Entering Disabled state"
1698156191084	Marionette	INFO	Listening on port 53665
Read port: 53665
1698156191454	RemoteAgent	WARN	TLS certificate errors will be ignored for this session
1698156191460	RemoteAgent	INFO	Proxy settings initialised: {"proxyType":"manual","httpProxy":"[::ffff:7f00:1]:53658","sslProxy":"[::ffff:7f00:1]:53658"}
JavaScript warning: resource://gre/modules/RemoteWebNavigation.sys.mjs, line 82: unreachable code after return statement
2023-10-24 22:03:12.116 plugin-container[58870:263002] Failed to get font faces: (
    "file:///Applications/Tor%20Browser.app/Contents/Resources/fonts/000_README.txt"
).
Crash Annotation GraphicsCriticalError: |[0][GFX1-]: RenderCompositorSWGL failed mapping default framebuffer, no dt (t=2.238) [GFX1-]: RenderCompositorSWGL failed mapping default framebuffer, no dt
JavaScript error: resource://gre/modules/XULStore.sys.mjs, line 60: Error: Can't find profile directory.
JavaScript error: resource://gre/modules/XULStore.sys.mjs, line 60: Error: Can't find profile directory.
JavaScript error: resource://gre/modules/XULStore.sys.mjs, line 60: Error: Can't find profile directory.
JavaScript error: resource://gre/modules/XULStore.sys.mjs, line 60: Error: Can't find profile directory.
JavaScript error: resource://gre/modules/XULStore.sys.mjs, line 60: Error: Can't find profile directory.
JavaScript error: resource://gre/modules/XULStore.sys.mjs, line 60: Error: Can't find profile directory.
JavaScript error: resource://gre/modules/XULStore.sys.mjs, line 60: Error: Can't find profile directory.
JavaScript error: resource://gre/modules/XULStore.sys.mjs, line 60: Error: Can't find profile directory.
JavaScript error: resource://gre/modules/XULStore.sys.mjs, line 60: Error: Can't find profile directory.
JavaScript error: resource://gre/modules/RFPHelper.sys.mjs, line 310: NS_NOINTERFACE: Component returned failure code: 0x80004002 (NS_NOINTERFACE) [nsIInterfaceRequestor.getInterface]
DevTools listening on ws://localhost:53660/devtools/browser/13da1bbf-5197-4298-911c-3289325d4fc8
2023-10-24 22:03:13.137 plugin-container[58871:263074] Failed to get font faces: (
    "file:///Applications/Tor%20Browser.app/Contents/Resources/fonts/000_README.txt"
).
2023-10-24 22:03:13.204 plugin-container[58872:263078] Failed to get font faces: (
    "file:///Applications/Tor%20Browser.app/Contents/Resources/fonts/000_README.txt"
).
2023-10-24 22:03:13.285 plugin-container[58873:263093] Failed to get font faces: (
    "file:///Applications/Tor%20Browser.app/Contents/Resources/fonts/000_README.txt"
).
2023-10-24 22:03:17.561 plugin-container[58874:263173] Failed to get font faces: (
    "file:///Applications/Tor%20Browser.app/Contents/Resources/fonts/000_README.txt"
).
console.error: TorProvider: 
  Cannot connect to the control port
  Message: TorError: authenticate  -> 515 Authentication failed: Password did not match HashedControlPassword *or* authentication cookie.
  Stack:
    TorError@resource://gre/modules/TorControlPort.sys.mjs:316:5
#sendCommandSimple@resource://gre/modules/TorControlPort.sys.mjs:594:13

JavaScript error: resource://gre/modules/TorControlPort.sys.mjs, line 316: TorError: authenticate  -> 515 Authentication failed: Password did not match HashedControlPassword *or* authentication cookie.
2023-10-24 22:03:23.277 plugin-container[59197:263665] Failed to get font faces: (
    "file:///Applications/Tor%20Browser.app/Contents/Resources/fonts/000_README.txt"
).
Exiting due to channel error.
Exiting due to channel error.
Exiting due to channel error.
Exiting due to channel error.
